<?xml version="1.0" encoding="UTF-8"?>
<!-- Generated by org.testng.reporters.JUnitReportReporter -->
<testsuite hostname="ARPGL005794" failures="0" tests="1" name="test.adminfunctional.ManageBooking" time="5.508" errors="0" timestamp="2021-09-20T17:57:53 IST" skipped="0">
  <testcase classname="test.adminfunctional.ManageBooking" name="manageBooking" time="5.508"/>
  <system-out/>
</testsuite> <!-- test.adminfunctional.ManageBooking -->
