<?xml version="1.0" encoding="UTF-8"?>
<!-- Generated by org.testng.reporters.JUnitReportReporter -->
<testsuite hostname="ARPGL003825" failures="0" tests="6" name="test.homepageui.HomePageTest" time="0.662" errors="0" timestamp="2021-09-19T17:30:05 IST" skipped="0">
  <testcase classname="test.homepageui.HomePageTest" name="testTitle" time="0.560"/>
  <system-out/>
  <testcase classname="test.homepageui.HomePageTest" name="testLogo" time="0.018"/>
  <system-out/>
  <testcase classname="test.homepageui.HomePageTest" name="testHeading" time="0.021"/>
  <system-out/>
  <testcase classname="test.homepageui.HomePageTest" name="testSearchbox" time="0.041"/>
  <system-out/>
  <testcase classname="test.homepageui.HomePageTest" name="testHomeHeadingColor" time="0.016"/>
  <system-out/>
  <testcase classname="test.homepageui.HomePageTest" name="testScrollBar" time="0.006"/>
  <system-out/>
</testsuite> <!-- test.homepageui.HomePageTest -->
