<?xml version="1.0" encoding="UTF-8"?>
<!-- Generated by org.testng.reporters.JUnitReportReporter -->
<testsuite hostname="ARPGL006256" failures="0" tests="2" name="test.homepageui.HomePageDropdown" time="1.311" errors="0" timestamp="2021-09-20T10:52:43 IST" skipped="0">
  <testcase classname="test.homepageui.HomePageDropdown" name="checkDropdown" time="1.124"/>
  <system-out/>
  <testcase classname="test.homepageui.HomePageDropdown" name="checkDropdownList" time="0.187"/>
  <system-out/>
</testsuite> <!-- test.homepageui.HomePageDropdown -->
