<?xml version="1.0" encoding="UTF-8"?>
<!-- Generated by org.testng.reporters.JUnitReportReporter -->
<testsuite hostname="ARPGL006256" failures="0" tests="3" name="test.adminfunctional.AdminPassword" time="3.258" errors="0" timestamp="2021-09-20T10:44:47 IST" skipped="0">
  <testcase classname="test.adminfunctional.AdminPassword" name="changePasswordOne" time="2.367"/>
  <system-out/>
  <testcase classname="test.adminfunctional.AdminPassword" name="changePasswordTwo" time="0.422"/>
  <system-out/>
  <testcase classname="test.adminfunctional.AdminPassword" name="changePasswordThree" time="0.469"/>
  <system-out/>
</testsuite> <!-- test.adminfunctional.AdminPassword -->
