<?xml version="1.0" encoding="UTF-8"?>
<!-- Generated by org.testng.reporters.JUnitReportReporter -->
<testsuite hostname="ARPGL005794" failures="0" tests="1" name="test.homepageTests.HomePageMyBooking" time="17.453" errors="0" timestamp="2021-09-21T11:21:01 IST" skipped="0">
  <testcase classname="test.homepageTests.HomePageMyBooking" name="homePageMyBookingTest" time="17.453"/>
  <system-out/>
</testsuite> <!-- test.homepageTests.HomePageMyBooking -->
