<?xml version="1.0" encoding="UTF-8"?>
<!-- Generated by org.testng.reporters.JUnitReportReporter -->
<testsuite hostname="ARPGL006256" failures="0" tests="3" name="test.carlistingTests.BookCarTests" time="0.000" errors="0" timestamp="2021-09-19T16:40:45 IST" skipped="3">
  <testcase classname="test.carlistingTests.BookCarTests" name="bookwithoutloginTest" time="0.000">
    <skipped/>
  </testcase> <!-- bookwithoutloginTest -->
  <system-out/>
  <testcase classname="test.carlistingTests.BookCarTests" name="bookCarRequireFieldTest" time="0.000">
    <skipped/>
  </testcase> <!-- bookCarRequireFieldTest -->
  <system-out/>
  <testcase classname="test.carlistingTests.BookCarTests" name="bookCarTest" time="0.000">
    <skipped/>
  </testcase> <!-- bookCarTest -->
  <system-out/>
</testsuite> <!-- test.carlistingTests.BookCarTests -->
