<?xml version="1.0" encoding="UTF-8"?>
<!-- Generated by org.testng.reporters.JUnitReportReporter -->
<testsuite hostname="ARPGL003825" failures="0" tests="12" name="test.adminui.LoginAdmin" time="2.916" errors="0" timestamp="2021-09-20T19:38:55 IST" skipped="0">
  <testcase classname="test.adminui.LoginAdmin" name="testAdmin" time="1.757"/>
  <system-out/>
  <testcase classname="test.adminui.LoginAdmin" name="testAdminPanel" time="0.025"/>
  <system-out/>
  <testcase classname="test.adminui.LoginAdmin" name="adminDropdown" time="0.076"/>
  <system-out/>
  <testcase classname="test.adminui.LoginAdmin" name="adminDashboard" time="0.087"/>
  <system-out/>
  <testcase classname="test.adminui.LoginAdmin" name="updateContact" time="0.210"/>
  <system-out/>
  <testcase classname="test.adminui.LoginAdmin" name="adminManagePages" time="0.089"/>
  <system-out/>
  <testcase classname="test.adminui.LoginAdmin" name="adminManageSubscriber" time="0.113"/>
  <system-out/>
  <testcase classname="test.adminui.LoginAdmin" name="adminRegUser" time="0.099"/>
  <system-out/>
  <testcase classname="test.adminui.LoginAdmin" name="adminManageQuery" time="0.094"/>
  <system-out/>
  <testcase classname="test.adminui.LoginAdmin" name="adminManageBooking" time="0.089"/>
  <system-out/>
  <testcase classname="test.adminui.LoginAdmin" name="adminVehicle" time="0.076"/>
  <system-out/>
  <testcase classname="test.adminui.LoginAdmin" name="adminBrand" time="0.201"/>
  <system-out/>
</testsuite> <!-- test.adminui.LoginAdmin -->
