<?xml version="1.0" encoding="UTF-8"?>
<!-- Generated by org.testng.reporters.JUnitReportReporter -->
<testsuite hostname="ARPGL003825" failures="0" tests="2" name="test.homepageui.HomePageDropdown" time="0.693" errors="0" timestamp="2021-09-20T19:41:25 IST" skipped="0">
  <testcase classname="test.homepageui.HomePageDropdown" name="checkDropdown" time="0.541"/>
  <system-out/>
  <testcase classname="test.homepageui.HomePageDropdown" name="checkDropdownList" time="0.152"/>
  <system-out/>
</testsuite> <!-- test.homepageui.HomePageDropdown -->
