<?xml version="1.0" encoding="UTF-8"?>
<!-- Generated by org.testng.reporters.JUnitReportReporter -->
<testsuite hostname="ARPGL005794" failures="0" tests="2" name="test.userlogin.UserLogin" time="9.445" errors="0" timestamp="2021-09-19T16:09:56 IST" skipped="0">
  <testcase classname="test.userlogin.UserLogin" name="loginWithInValidDetailsTest" time="8.409"/>
  <system-out/>
  <testcase classname="test.userlogin.UserLogin" name="loginWithValidDetailsTest" time="1.036"/>
  <system-out/>
</testsuite> <!-- test.userlogin.UserLogin -->
