<?xml version="1.0" encoding="UTF-8"?>
<!-- Generated by org.testng.reporters.JUnitReportReporter -->
<testsuite hostname="ARPGL003825" failures="0" tests="1" name="test.userloginui.UserLogin" time="12.162" errors="0" timestamp="2021-09-20T19:24:14 IST" skipped="0">
  <testcase classname="test.userloginui.UserLogin" name="loginButton" time="12.162"/>
  <system-out/>
</testsuite> <!-- test.userloginui.UserLogin -->
