<?xml version="1.0" encoding="UTF-8"?>
<!-- Generated by org.testng.reporters.JUnitReportReporter -->
<testsuite hostname="ARPGL005794" failures="0" tests="2" name="test.ContactUsui.ContactUsTestUi" time="2.619" errors="0" timestamp="2021-09-21T06:31:23 IST" skipped="0">
  <testcase classname="test.ContactUsui.ContactUsTestUi" name="contactUsTest" time="2.496"/>
  <system-out/>
  <testcase classname="test.ContactUsui.ContactUsTestUi" name="contactUsFeildCheck" time="0.123"/>
  <system-out/>
</testsuite> <!-- test.ContactUsui.ContactUsTestUi -->
