<?xml version="1.0" encoding="UTF-8"?>
<!-- Generated by org.testng.reporters.JUnitReportReporter -->
<testsuite hostname="ARPGL006256" failures="0" tests="3" name="test.adminfunctional.AdminLogin" time="2.416" errors="0" timestamp="2021-09-19T13:53:14 IST" skipped="0">
  <testcase classname="test.adminfunctional.AdminLogin" name="validLogin" time="1.830"/>
  <system-out/>
  <testcase classname="test.adminfunctional.AdminLogin" name="adminLogout" time="0.196"/>
  <system-out/>
  <testcase classname="test.adminfunctional.AdminLogin" name="invalidLogin" time="0.390"/>
  <system-out/>
</testsuite> <!-- test.adminfunctional.AdminLogin -->
