<?xml version="1.0" encoding="UTF-8"?>
<!-- Generated by org.testng.reporters.JUnitReportReporter -->
<testsuite hostname="ARPGL006256" failures="0" tests="3" name="test.usersignup.SignUp" time="5.677" errors="0" timestamp="2021-09-19T13:45:56 IST" skipped="0">
  <testcase classname="test.usersignup.SignUp" name="signupTestValid" time="1.574"/>
  <system-out/>
  <testcase classname="test.usersignup.SignUp" name="signupTestValid" time="1.808"/>
  <system-out/>
  <testcase classname="test.usersignup.SignUp" name="signupTestInvalid" time="2.295"/>
  <system-out/>
</testsuite> <!-- test.usersignup.SignUp -->
