<?xml version="1.0" encoding="UTF-8"?>
<!-- Generated by org.testng.reporters.JUnitReportReporter -->
<testsuite hostname="ARPGL006256" failures="0" tests="12" name="test.adminui.LoginAdmin" time="3.279" errors="0" timestamp="2021-09-20T10:50:52 IST" skipped="0">
  <testcase classname="test.adminui.LoginAdmin" name="testAdmin" time="1.815"/>
  <system-out/>
  <testcase classname="test.adminui.LoginAdmin" name="testAdminPanel" time="0.031"/>
  <system-out/>
  <testcase classname="test.adminui.LoginAdmin" name="adminDropdown" time="0.103"/>
  <system-out/>
  <testcase classname="test.adminui.LoginAdmin" name="adminDashboard" time="0.115"/>
  <system-out/>
  <testcase classname="test.adminui.LoginAdmin" name="updateContact" time="0.238"/>
  <system-out/>
  <testcase classname="test.adminui.LoginAdmin" name="adminManagePages" time="0.134"/>
  <system-out/>
  <testcase classname="test.adminui.LoginAdmin" name="adminManageSubscriber" time="0.133"/>
  <system-out/>
  <testcase classname="test.adminui.LoginAdmin" name="adminManageQuery" time="0.122"/>
  <system-out/>
  <testcase classname="test.adminui.LoginAdmin" name="adminRegUser" time="0.130"/>
  <system-out/>
  <testcase classname="test.adminui.LoginAdmin" name="adminManageBooking" time="0.120"/>
  <system-out/>
  <testcase classname="test.adminui.LoginAdmin" name="adminVehicle" time="0.094"/>
  <system-out/>
  <testcase classname="test.adminui.LoginAdmin" name="adminBrand" time="0.244"/>
  <system-out/>
</testsuite> <!-- test.adminui.LoginAdmin -->
