<?xml version="1.0" encoding="UTF-8"?>
<!-- Generated by org.testng.reporters.JUnitReportReporter -->
<testsuite hostname="ARPGL006256" failures="0" tests="3" name="test.adminfunctional.AdminPassword" time="3.652" errors="0" timestamp="2021-09-17T12:17:25 IST" skipped="0">
  <testcase classname="test.adminfunctional.AdminPassword" name="changePasswordOne" time="0.890"/>
  <system-out/>
  <testcase classname="test.adminfunctional.AdminPassword" name="changePasswordTwo" time="2.101"/>
  <system-out/>
  <testcase classname="test.adminfunctional.AdminPassword" name="changePasswordThree" time="0.661"/>
  <system-out/>
</testsuite> <!-- test.adminfunctional.AdminPassword -->
