<?xml version="1.0" encoding="UTF-8"?>
<!-- Generated by org.testng.reporters.JUnitReportReporter -->
<testsuite hostname="ARPGL005794" failures="0" tests="2" name="test.userlogin.UserLogin" time="7.748" errors="0" timestamp="2021-09-19T06:49:01 IST" skipped="0">
  <testcase classname="test.userlogin.UserLogin" name="loginWithInValidDetailsTest" time="6.859"/>
  <system-out/>
  <testcase classname="test.userlogin.UserLogin" name="loginWithValidDetailsTest" time="0.889"/>
  <system-out/>
</testsuite> <!-- test.userlogin.UserLogin -->
