<?xml version="1.0" encoding="UTF-8"?>
<!-- Generated by org.testng.reporters.JUnitReportReporter -->
<testsuite hostname="ARPGL005794" failures="0" tests="3" name="test.carlistingTests.BookCarTests" time="45.028" errors="0" timestamp="2021-09-21T11:21:01 IST" skipped="0">
  <testcase classname="test.carlistingTests.BookCarTests" name="bookwithoutloginTest" time="14.327"/>
  <system-out/>
  <testcase classname="test.carlistingTests.BookCarTests" name="bookCarRequireFieldTest" time="17.011"/>
  <system-out/>
  <testcase classname="test.carlistingTests.BookCarTests" name="bookCarTest" time="13.690"/>
  <system-out/>
</testsuite> <!-- test.carlistingTests.BookCarTests -->
