<?xml version="1.0" encoding="UTF-8"?>
<!-- Generated by org.testng.reporters.JUnitReportReporter -->
<testsuite hostname="ARPGL005794" failures="0" tests="1" name="test.seleniumgrid.SeleniumGrid" time="18.146" errors="0" timestamp="2021-09-21T10:57:49 IST" skipped="0">
  <testcase classname="test.seleniumgrid.SeleniumGrid" name="sampleTest" time="18.146"/>
  <system-out/>
</testsuite> <!-- test.seleniumgrid.SeleniumGrid -->
