<?xml version="1.0" encoding="UTF-8"?>
<!-- Generated by org.testng.reporters.JUnitReportReporter -->
<testsuite hostname="ARPGL003825" failures="0" tests="2" name="test.aboutusui.AboutUsTest" time="0.688" errors="0" timestamp="2021-09-19T16:53:38 IST" skipped="0">
  <testcase classname="test.aboutusui.AboutUsTest" name="aboutUsTest" time="0.657"/>
  <system-out/>
  <testcase classname="test.aboutusui.AboutUsTest" name="aboutUsHeading" time="0.031"/>
  <system-out/>
</testsuite> <!-- test.aboutusui.AboutUsTest -->
