<?xml version="1.0" encoding="UTF-8"?>
<!-- Generated by org.testng.reporters.JUnitReportReporter -->
<testsuite hostname="ARPGL005794" failures="0" tests="1" name="test.carlistingTests.FetchCarTest" time="7.162" errors="0" timestamp="2021-09-20T17:57:53 IST" skipped="0">
  <testcase classname="test.carlistingTests.FetchCarTest" name="fetchCarTest" time="7.162"/>
  <system-out/>
</testsuite> <!-- test.carlistingTests.FetchCarTest -->
