<?xml version="1.0" encoding="UTF-8"?>
<!-- Generated by org.testng.reporters.JUnitReportReporter -->
<testsuite hostname="ARPGL005794" failures="0" tests="2" name="test.userlogin.UserLogin" time="18.753" errors="0" timestamp="2021-09-21T11:21:01 IST" skipped="0">
  <testcase classname="test.userlogin.UserLogin" name="loginWithInValidDetailsTest" time="10.100"/>
  <system-out/>
  <testcase classname="test.userlogin.UserLogin" name="loginWithValidDetailsTest" time="8.653"/>
  <system-out/>
</testsuite> <!-- test.userlogin.UserLogin -->
