<?xml version="1.0" encoding="UTF-8"?>
<!-- Generated by org.testng.reporters.JUnitReportReporter -->
<testsuite hostname="ARPGL005794" failures="0" tests="3" name="test.adminfunctional.AdminLogin" time="12.994" errors="0" timestamp="2021-09-21T11:21:01 IST" skipped="0">
  <testcase classname="test.adminfunctional.AdminLogin" name="validLogin" time="5.407"/>
  <system-out/>
  <testcase classname="test.adminfunctional.AdminLogin" name="adminLogout" time="2.231"/>
  <system-out/>
  <testcase classname="test.adminfunctional.AdminLogin" name="invalidLogin" time="5.356"/>
  <system-out/>
</testsuite> <!-- test.adminfunctional.AdminLogin -->
