<?xml version="1.0" encoding="UTF-8"?>
<!-- Generated by org.testng.reporters.JUnitReportReporter -->
<testsuite hostname="ARPGL003825" failures="0" tests="2" name="test.usersignup.ForgotPassword" time="2.507" errors="0" timestamp="2021-09-20T19:48:57 IST" skipped="0">
  <testcase classname="test.usersignup.ForgotPassword" name="retrievePasswordWithValidData" time="1.033"/>
  <system-out/>
  <testcase classname="test.usersignup.ForgotPassword" name="retrievePasswordWithInvalidData" time="1.474"/>
  <system-out/>
</testsuite> <!-- test.usersignup.ForgotPassword -->
