<?xml version="1.0" encoding="UTF-8"?>
<!-- Generated by org.testng.reporters.JUnitReportReporter -->
<testsuite hostname="ARPGL003825" failures="0" tests="2" name="test.ContactUsui.ContactUsTestUi" time="1.611" errors="0" timestamp="2021-09-19T16:59:31 IST" skipped="0">
  <testcase classname="test.ContactUsui.ContactUsTestUi" name="contactUsTest" time="1.491"/>
  <system-out/>
  <testcase classname="test.ContactUsui.ContactUsTestUi" name="contactUsFeildCheck" time="0.120"/>
  <system-out/>
</testsuite> <!-- test.ContactUsui.ContactUsTestUi -->
