<?xml version="1.0" encoding="UTF-8"?>
<!-- Generated by org.testng.reporters.JUnitReportReporter -->
<testsuite hostname="ARPGL005794" failures="0" tests="3" name="test.adminfunctional.AdminPassword" time="3.995" errors="0" timestamp="2021-09-19T16:09:56 IST" skipped="0">
  <testcase classname="test.adminfunctional.AdminPassword" name="changePasswordOne" time="1.248"/>
  <system-out/>
  <testcase classname="test.adminfunctional.AdminPassword" name="changePasswordTwo" time="0.857"/>
  <system-out/>
  <testcase classname="test.adminfunctional.AdminPassword" name="changePasswordThree" time="1.890"/>
  <system-out/>
</testsuite> <!-- test.adminfunctional.AdminPassword -->
