<?xml version="1.0" encoding="UTF-8"?>
<!-- Generated by org.testng.reporters.JUnitReportReporter -->
<testsuite hostname="ARPGL005794" failures="0" tests="2" name="test.userlogin.UserLogin" time="42.232" errors="0" timestamp="2021-09-18T13:35:27 IST" skipped="0">
  <testcase classname="test.userlogin.UserLogin" name="loginWithValidDetailsTest" time="19.174"/>
  <system-out/>
  <testcase classname="test.userlogin.UserLogin" name="loginWithInValidDetailsTest" time="23.058"/>
  <system-out/>
</testsuite> <!-- test.userlogin.UserLogin -->
