<?xml version="1.0" encoding="UTF-8"?>
<!-- Generated by org.testng.reporters.JUnitReportReporter -->
<testsuite hostname="ARPGL003825" failures="0" tests="2" name="test.aboutusui.AboutUsTest" time="0.906" errors="0" timestamp="2021-09-20T19:42:48 IST" skipped="0">
  <testcase classname="test.aboutusui.AboutUsTest" name="aboutUsTest" time="0.869"/>
  <system-out/>
  <testcase classname="test.aboutusui.AboutUsTest" name="aboutUsHeading" time="0.037"/>
  <system-out/>
</testsuite> <!-- test.aboutusui.AboutUsTest -->
