<?xml version="1.0" encoding="UTF-8"?>
<!-- Generated by org.testng.reporters.JUnitReportReporter -->
<testsuite hostname="ARPGL006256" failures="0" tests="1" name="test.carlistingTests.FetchCarTest" time="0.000" errors="0" timestamp="2021-09-19T16:40:45 IST" skipped="1">
  <testcase classname="test.carlistingTests.FetchCarTest" name="fetchCarTest" time="0.000">
    <skipped/>
  </testcase> <!-- fetchCarTest -->
  <system-out/>
</testsuite> <!-- test.carlistingTests.FetchCarTest -->
