<?xml version="1.0" encoding="UTF-8"?>
<!-- Generated by org.testng.reporters.JUnitReportReporter -->
<testsuite hostname="ARPGL005794" failures="0" tests="3" name="test.adminfunctional.AdminPassword" time="26.040" errors="0" timestamp="2021-09-21T11:21:01 IST" skipped="0">
  <testcase classname="test.adminfunctional.AdminPassword" name="changePasswordWithValidDetails" time="9.119"/>
  <system-out/>
  <testcase classname="test.adminfunctional.AdminPassword" name="changePasswordWithInvalidDetails" time="8.963"/>
  <system-out/>
  <testcase classname="test.adminfunctional.AdminPassword" name="changePasswordWithInavlidCurrentPassword" time="7.958"/>
  <system-out/>
</testsuite> <!-- test.adminfunctional.AdminPassword -->
