<?xml version="1.0" encoding="UTF-8"?>
<!-- Generated by org.testng.reporters.JUnitReportReporter -->
<testsuite hostname="ARPGL005794" failures="0" tests="3" name="test.carlistingTests.BookCar" time="23.212" errors="0" timestamp="2021-09-19T06:01:53 IST" skipped="0">
  <testcase classname="test.carlistingTests.BookCar" name="bookwithoutloginTest" time="7.498"/>
  <system-out/>
  <testcase classname="test.carlistingTests.BookCar" name="bookCarRequireFieldTest" time="9.554"/>
  <system-out/>
  <testcase classname="test.carlistingTests.BookCar" name="bookCarTest" time="6.160"/>
  <system-out/>
</testsuite> <!-- test.carlistingTests.BookCar -->
