<?xml version="1.0" encoding="UTF-8"?>
<!-- Generated by org.testng.reporters.JUnitReportReporter -->
<testsuite hostname="ARPGL005794" failures="0" tests="1" name="test.carlistingTests.FetchCarTest" time="42.433" errors="0" timestamp="2021-09-18T13:18:41 IST" skipped="0">
  <testcase classname="test.carlistingTests.FetchCarTest" name="fetchCarTest" time="42.433"/>
  <system-out/>
</testsuite> <!-- test.carlistingTests.FetchCarTest -->
