<?xml version="1.0" encoding="UTF-8"?>
<!-- Generated by org.testng.reporters.JUnitReportReporter -->
<testsuite hostname="ARPGL005794" failures="0" tests="3" name="test.carlistingTests.BookCarTests" time="5.698" errors="0" timestamp="2021-09-19T16:09:56 IST" skipped="0">
  <testcase classname="test.carlistingTests.BookCarTests" name="bookwithoutloginTest" time="1.548"/>
  <system-out/>
  <testcase classname="test.carlistingTests.BookCarTests" name="bookCarRequireFieldTest" time="2.027"/>
  <system-out/>
  <testcase classname="test.carlistingTests.BookCarTests" name="bookCarTest" time="2.123"/>
  <system-out/>
</testsuite> <!-- test.carlistingTests.BookCarTests -->
