<?xml version="1.0" encoding="UTF-8"?>
<!-- Generated by org.testng.reporters.JUnitReportReporter -->
<testsuite hostname="ARPGL006256" failures="0" tests="2" name="test.usersignup.ForgotPassword" time="3.937" errors="0" timestamp="2021-09-16T17:42:59 IST" skipped="0">
  <testcase classname="test.usersignup.ForgotPassword" name="changePasswordOne" time="2.729"/>
  <system-out/>
  <testcase classname="test.usersignup.ForgotPassword" name="changePasswordTwo" time="1.208"/>
  <system-out/>
</testsuite> <!-- test.usersignup.ForgotPassword -->
