<?xml version="1.0" encoding="UTF-8"?>
<!-- Generated by org.testng.reporters.JUnitReportReporter -->
<testsuite hostname="ARPGL005794" failures="0" tests="1" name="test.carlistingTests.BookCarSuccessfully" time="11.652" errors="0" timestamp="2021-09-18T13:31:17 IST" skipped="0">
  <testcase classname="test.carlistingTests.BookCarSuccessfully" name="bookCarTest" time="11.652"/>
  <system-out/>
</testsuite> <!-- test.carlistingTests.BookCarSuccessfully -->
