<?xml version="1.0" encoding="UTF-8"?>
<!-- Generated by org.testng.reporters.JUnitReportReporter -->
<testsuite hostname="ARPGL005794" failures="0" tests="1" name="test.bookcar.BookCarTests" time="12.391" errors="0" timestamp="2021-09-17T19:27:24 IST" skipped="0">
  <testcase classname="test.bookcar.BookCarTests" name="bookwithoutloginTest" time="12.391"/>
  <system-out/>
</testsuite> <!-- test.bookcar.BookCarTests -->
