<?xml version="1.0" encoding="UTF-8"?>
<!-- Generated by org.testng.reporters.JUnitReportReporter -->
<testsuite hostname="ARPGL005794" failures="0" tests="3" name="test.usersignup.SignUp" time="27.680" errors="0" timestamp="2021-09-21T11:21:01 IST" skipped="0">
  <testcase classname="test.usersignup.SignUp" name="signupTestValid" time="8.897"/>
  <system-out/>
  <testcase classname="test.usersignup.SignUp" name="signupTestValid" time="8.974"/>
  <system-out/>
  <testcase classname="test.usersignup.SignUp" name="signupTestInvalid" time="9.809"/>
  <system-out/>
</testsuite> <!-- test.usersignup.SignUp -->
