<?xml version="1.0" encoding="UTF-8"?>
<!-- Generated by org.testng.reporters.JUnitReportReporter -->
<testsuite hostname="ARPGL005794" failures="0" tests="1" name="test.carlistingTests.BookCarWithoutLogin" time="21.158" errors="0" timestamp="2021-09-18T13:31:51 IST" skipped="0">
  <testcase classname="test.carlistingTests.BookCarWithoutLogin" name="bookwithoutloginTest" time="21.158"/>
  <system-out/>
</testsuite> <!-- test.carlistingTests.BookCarWithoutLogin -->
