<?xml version="1.0" encoding="UTF-8"?>
<!-- Generated by org.testng.reporters.JUnitReportReporter -->
<testsuite hostname="ARPGL006256" failures="0" tests="2" name="test.usersignup.ForgotPassword" time="2.905" errors="0" timestamp="2021-09-20T10:48:33 IST" skipped="0">
  <testcase classname="test.usersignup.ForgotPassword" name="changePasswordOne" time="0.899"/>
  <system-out/>
  <testcase classname="test.usersignup.ForgotPassword" name="changePasswordTwo" time="2.006"/>
  <system-out/>
</testsuite> <!-- test.usersignup.ForgotPassword -->
