<?xml version="1.0" encoding="UTF-8"?>
<!-- Generated by org.testng.reporters.JUnitReportReporter -->
<testsuite hostname="ARPGL006256" failures="0" tests="3" name="test.adminfunctional.AdminLogin" time="2.678" errors="0" timestamp="2021-09-17T12:09:25 IST" skipped="0">
  <testcase classname="test.adminfunctional.AdminLogin" name="validLogin" time="2.176"/>
  <system-out/>
  <testcase classname="test.adminfunctional.AdminLogin" name="adminLogout" time="0.171"/>
  <system-out/>
  <testcase classname="test.adminfunctional.AdminLogin" name="invalidLogin" time="0.331"/>
  <system-out/>
</testsuite> <!-- test.adminfunctional.AdminLogin -->
