<?xml version="1.0" encoding="UTF-8"?>
<!-- Generated by org.testng.reporters.JUnitReportReporter -->
<testsuite hostname="ARPGL005794" failures="0" tests="1" name="test.homepageTests.HomePageMyBooking" time="2.140" errors="0" timestamp="2021-09-20T17:57:53 IST" skipped="0">
  <testcase classname="test.homepageTests.HomePageMyBooking" name="homePageMyBookingTest" time="2.140"/>
  <system-out/>
</testsuite> <!-- test.homepageTests.HomePageMyBooking -->
