<?xml version="1.0" encoding="UTF-8"?>
<!-- Generated by org.testng.reporters.JUnitReportReporter -->
<testsuite hostname="ARPGL003825" failures="0" tests="1" name="test.usersignupui.ForgotPassword" time="9.406" errors="0" timestamp="2021-09-20T14:09:19 IST" skipped="0">
  <testcase classname="test.usersignupui.ForgotPassword" name="forgetPass" time="9.406"/>
  <system-out/>
</testsuite> <!-- test.usersignupui.ForgotPassword -->
