<?xml version="1.0" encoding="UTF-8"?>
<!-- Generated by org.testng.reporters.JUnitReportReporter -->
<testsuite hostname="ARPGL005794" failures="0" tests="2" name="test.usersignup.ForgotPassword" time="3.320" errors="0" timestamp="2021-09-19T06:49:01 IST" skipped="0">
  <testcase classname="test.usersignup.ForgotPassword" name="changePasswordOne" time="1.313"/>
  <system-out/>
  <testcase classname="test.usersignup.ForgotPassword" name="changePasswordTwo" time="2.007"/>
  <system-out/>
</testsuite> <!-- test.usersignup.ForgotPassword -->
