<?xml version="1.0" encoding="UTF-8"?>
<!-- Generated by org.testng.reporters.JUnitReportReporter -->
<<<<<<< HEAD
<testsuite hostname="ARPGL006256" failures="0" tests="2" name="test.usersignup.ForgotPassword" time="3.760" errors="0" timestamp="2021-09-19T13:47:29 IST" skipped="0">
  <testcase classname="test.usersignup.ForgotPassword" name="changePasswordOne" time="1.305"/>
  <system-out/>
  <testcase classname="test.usersignup.ForgotPassword" name="changePasswordTwo" time="2.455"/>
=======
<testsuite hostname="ARPGL005794" failures="0" tests="2" name="test.usersignup.ForgotPassword" time="3.320" errors="0" timestamp="2021-09-19T06:49:01 IST" skipped="0">
  <testcase classname="test.usersignup.ForgotPassword" name="changePasswordOne" time="1.313"/>
  <system-out/>
  <testcase classname="test.usersignup.ForgotPassword" name="changePasswordTwo" time="2.007"/>
>>>>>>> 72bc18ebd767d122a15af9063664548b38d19a2d
  <system-out/>
</testsuite> <!-- test.usersignup.ForgotPassword -->
