<?xml version="1.0" encoding="UTF-8"?>
<!-- Generated by org.testng.reporters.JUnitReportReporter -->
<testsuite hostname="ARPGL006256" failures="0" tests="3" name="test.adminfunctional.AdminPassword" time="2.638" errors="0" timestamp="2021-09-16T16:29:27 IST" skipped="0">
  <testcase classname="test.adminfunctional.AdminPassword" name="changePasswordOne" time="0.582"/>
  <system-out/>
  <testcase classname="test.adminfunctional.AdminPassword" name="changePasswordTwo" time="1.578"/>
  <system-out/>
  <testcase classname="test.adminfunctional.AdminPassword" name="changePasswordThree" time="0.478"/>
  <system-out/>
</testsuite> <!-- test.adminfunctional.AdminPassword -->
