<?xml version="1.0" encoding="UTF-8"?>
<!-- Generated by org.testng.reporters.JUnitReportReporter -->
<testsuite hostname="ARPGL005794" failures="0" tests="1" name="test.adminfunctional.ManageBooking" time="17.951" errors="0" timestamp="2021-09-21T11:21:01 IST" skipped="0">
  <testcase classname="test.adminfunctional.ManageBooking" name="manageBooking" time="17.951"/>
  <system-out/>
</testsuite> <!-- test.adminfunctional.ManageBooking -->
