<?xml version="1.0" encoding="UTF-8"?>
<!-- Generated by org.testng.reporters.JUnitReportReporter -->
<testsuite hostname="ARPGL005794" failures="0" tests="2" name="test.usersignup.ForgotPassword" time="23.902" errors="0" timestamp="2021-09-21T11:21:01 IST" skipped="0">
  <testcase classname="test.usersignup.ForgotPassword" name="retrievePasswordWithValidData" time="10.995"/>
  <system-out/>
  <testcase classname="test.usersignup.ForgotPassword" name="retrievePasswordWithInvalidData" time="12.907"/>
  <system-out/>
</testsuite> <!-- test.usersignup.ForgotPassword -->
