<?xml version="1.0" encoding="UTF-8"?>
<!-- Generated by org.testng.reporters.JUnitReportReporter -->
<testsuite hostname="ARPGL005794" failures="0" tests="1" name="test.carlistingTests.BookCarWithoutLogin" time="11.980" errors="0" timestamp="2021-09-19T06:27:16 IST" skipped="0">
  <testcase classname="test.carlistingTests.BookCarWithoutLogin" name="bookwithoutloginTest" time="11.980"/>
  <system-out/>
</testsuite> <!-- test.carlistingTests.BookCarWithoutLogin -->
