<?xml version="1.0" encoding="UTF-8"?>
<!-- Generated by org.testng.reporters.JUnitReportReporter -->
<testsuite hostname="ARPGL003825" failures="0" tests="1" name="test.usersignupui.SignUp" time="11.253" errors="0" timestamp="2021-09-20T14:00:04 IST" skipped="0">
  <testcase classname="test.usersignupui.SignUp" name="signUp" time="11.253"/>
  <system-out/>
</testsuite> <!-- test.usersignupui.SignUp -->
