<?xml version="1.0" encoding="UTF-8"?>
<!-- Generated by org.testng.reporters.JUnitReportReporter -->
<testsuite hostname="ARPGL006256" failures="0" tests="6" name="test.homepageui.HomePageTest" time="1.193" errors="0" timestamp="2021-09-20T14:36:15 IST" skipped="0">
  <testcase classname="test.homepageui.HomePageTest" name="testTitle" time="1.005"/>
  <system-out/>
  <testcase classname="test.homepageui.HomePageTest" name="testLogo" time="0.028"/>
  <system-out/>
  <testcase classname="test.homepageui.HomePageTest" name="testHeading" time="0.036"/>
  <system-out/>
  <testcase classname="test.homepageui.HomePageTest" name="testSearchbox" time="0.078"/>
  <system-out/>
  <testcase classname="test.homepageui.HomePageTest" name="testHomeHeadingColor" time="0.035"/>
  <system-out/>
  <testcase classname="test.homepageui.HomePageTest" name="testScrollBar" time="0.011"/>
  <system-out/>
</testsuite> <!-- test.homepageui.HomePageTest -->
