<?xml version="1.0" encoding="UTF-8"?>
<!-- Generated by org.testng.reporters.JUnitReportReporter -->
<testsuite hostname="ARPGL003825" failures="0" tests="2" name="test.homepageui.HomePageDropdown" time="0.776" errors="0" timestamp="2021-09-19T17:33:05 IST" skipped="0">
  <testcase classname="test.homepageui.HomePageDropdown" name="checkDropdown" time="0.625"/>
  <system-out/>
  <testcase classname="test.homepageui.HomePageDropdown" name="checkDropdownList" time="0.151"/>
  <system-out/>
</testsuite> <!-- test.homepageui.HomePageDropdown -->
