<?xml version="1.0" encoding="UTF-8"?>
<!-- Generated by org.testng.reporters.JUnitReportReporter -->
<testsuite hostname="ARPGL006256" failures="0" tests="3" name="test.adminfunctional.AdminLogin" time="2.889" errors="0" timestamp="2021-09-16T16:15:10 IST" skipped="0">
  <testcase classname="test.adminfunctional.AdminLogin" name="validLogin" time="2.543"/>
  <system-out/>
  <testcase classname="test.adminfunctional.AdminLogin" name="adminLogout" time="0.127"/>
  <system-out/>
  <testcase classname="test.adminfunctional.AdminLogin" name="invalidLogin" time="0.219"/>
  <system-out/>
</testsuite> <!-- test.adminfunctional.AdminLogin -->
