<?xml version="1.0" encoding="UTF-8"?>
<!-- Generated by org.testng.reporters.JUnitReportReporter -->
<testsuite hostname="ARPGL006256" failures="0" tests="2" name="test.usersignup.SignUp" time="3.736" errors="0" timestamp="2021-09-17T15:39:34 IST" skipped="0">
  <testcase classname="test.usersignup.SignUp" name="signupTestValid" time="2.572"/>
  <system-out/>
  <testcase classname="test.usersignup.SignUp" name="signupTestInvalid" time="1.164"/>
  <system-out/>
</testsuite> <!-- test.usersignup.SignUp -->
