<?xml version="1.0" encoding="UTF-8"?>
<!-- Generated by org.testng.reporters.JUnitReportReporter -->
<testsuite hostname="ARPGL005794" failures="0" tests="3" name="test.adminfunctional.AdminPassword" time="4.587" errors="0" timestamp="2021-09-20T17:57:53 IST" skipped="0">
  <testcase classname="test.adminfunctional.AdminPassword" name="changePasswordWithValidDetails" time="1.360"/>
  <system-out/>
  <testcase classname="test.adminfunctional.AdminPassword" name="changePasswordWithInvalidDetails" time="2.012"/>
  <system-out/>
  <testcase classname="test.adminfunctional.AdminPassword" name="changePasswordWithInavlidCurrentPassword" time="1.215"/>
  <system-out/>
</testsuite> <!-- test.adminfunctional.AdminPassword -->
