<?xml version="1.0" encoding="UTF-8"?>
<!-- Generated by org.testng.reporters.JUnitReportReporter -->
<testsuite hostname="ARPGL005794" failures="0" tests="1" name="test.homepageTests.HomePageMyBooking" time="2.179" errors="0" timestamp="2021-09-19T16:09:56 IST" skipped="0">
  <testcase classname="test.homepageTests.HomePageMyBooking" name="homePageMyBookingTest" time="2.179"/>
  <system-out/>
</testsuite> <!-- test.homepageTests.HomePageMyBooking -->
