<?xml version="1.0" encoding="UTF-8"?>
<!-- Generated by org.testng.reporters.JUnitReportReporter -->
<testsuite hostname="ARPGL006256" failures="0" tests="3" name="test.adminfunctional.AdminLogin" time="3.513" errors="0" timestamp="2021-09-20T14:44:24 IST" skipped="0">
  <testcase classname="test.adminfunctional.AdminLogin" name="validLogin" time="2.907"/>
  <system-out/>
  <testcase classname="test.adminfunctional.AdminLogin" name="adminLogout" time="0.191"/>
  <system-out/>
  <testcase classname="test.adminfunctional.AdminLogin" name="invalidLogin" time="0.415"/>
  <system-out/>
</testsuite> <!-- test.adminfunctional.AdminLogin -->
