<?xml version="1.0" encoding="UTF-8"?>
<!-- Generated by org.testng.reporters.JUnitReportReporter -->
<testsuite hostname="ARPGL005794" failures="0" tests="3" name="test.carlistingTests.BookCarTests" time="5.337" errors="0" timestamp="2021-09-20T17:57:53 IST" skipped="0">
  <testcase classname="test.carlistingTests.BookCarTests" name="bookwithoutloginTest" time="2.611"/>
  <system-out/>
  <testcase classname="test.carlistingTests.BookCarTests" name="bookCarRequireFieldTest" time="1.682"/>
  <system-out/>
  <testcase classname="test.carlistingTests.BookCarTests" name="bookCarTest" time="1.044"/>
  <system-out/>
</testsuite> <!-- test.carlistingTests.BookCarTests -->
