<?xml version="1.0" encoding="UTF-8"?>
<!-- Generated by org.testng.reporters.JUnitReportReporter -->
<testsuite hostname="ARPGL006256" failures="0" tests="2" name="test.homepageui.HomeColorChanger" time="1.620" errors="0" timestamp="2021-09-20T11:01:06 IST" skipped="0">
  <testcase classname="test.homepageui.HomeColorChanger" name="testHomePageColorChnager" time="1.506"/>
  <system-out/>
  <testcase classname="test.homepageui.HomeColorChanger" name="testColorsInChanger" time="0.114"/>
  <system-out/>
</testsuite> <!-- test.homepageui.HomeColorChanger -->
