<?xml version="1.0" encoding="UTF-8"?>
<!-- Generated by org.testng.reporters.JUnitReportReporter -->
<testsuite hostname="ARPGL003825" failures="0" tests="6" name="test.homepageui.HomePageTest" time="0.692" errors="0" timestamp="2021-09-20T19:41:09 IST" skipped="0">
  <testcase classname="test.homepageui.HomePageTest" name="testTitle" time="0.518"/>
  <system-out/>
  <testcase classname="test.homepageui.HomePageTest" name="testLogo" time="0.049"/>
  <system-out/>
  <testcase classname="test.homepageui.HomePageTest" name="testHeading" time="0.043"/>
  <system-out/>
  <testcase classname="test.homepageui.HomePageTest" name="testSearchbox" time="0.054"/>
  <system-out/>
  <testcase classname="test.homepageui.HomePageTest" name="testHomeHeadingColor" time="0.022"/>
  <system-out/>
  <testcase classname="test.homepageui.HomePageTest" name="testScrollBar" time="0.006"/>
  <system-out/>
</testsuite> <!-- test.homepageui.HomePageTest -->
