<?xml version="1.0" encoding="UTF-8"?>
<!-- Generated by org.testng.reporters.JUnitReportReporter -->
<testsuite hostname="ARPGL005794" failures="0" tests="3" name="test.usersignup.SignUp" time="5.088" errors="0" timestamp="2021-09-19T16:09:56 IST" skipped="0">
  <testcase classname="test.usersignup.SignUp" name="signupTestValid" time="1.608"/>
  <system-out/>
  <testcase classname="test.usersignup.SignUp" name="signupTestValid" time="2.347"/>
  <system-out/>
  <testcase classname="test.usersignup.SignUp" name="signupTestInvalid" time="1.133"/>
  <system-out/>
</testsuite> <!-- test.usersignup.SignUp -->
