<?xml version="1.0" encoding="UTF-8"?>
<!-- Generated by org.testng.reporters.JUnitReportReporter -->
<testsuite hostname="ARPGL006256" failures="0" tests="3" name="pages.admin.AdminLogin" time="6.282" errors="0" timestamp="2021-09-16T13:11:56 IST" skipped="0">
  <testcase classname="pages.admin.AdminLogin" name="validLogin" time="3.303"/>
  <system-out/>
  <testcase classname="pages.admin.AdminLogin" name="adminLogout" time="1.474"/>
  <system-out/>
  <testcase classname="pages.admin.AdminLogin" name="invalidLogin" time="1.505"/>
  <system-out/>
</testsuite> <!-- pages.admin.AdminLogin -->
