<?xml version="1.0" encoding="UTF-8"?>
<!-- Generated by org.testng.reporters.JUnitReportReporter -->
<testsuite hostname="ARPGL005794" failures="0" tests="2" name="test.usersignup.ForgotPassword" time="3.691" errors="0" timestamp="2021-09-20T17:57:53 IST" skipped="0">
  <testcase classname="test.usersignup.ForgotPassword" name="retrievePasswordWithValidData" time="1.164"/>
  <system-out/>
  <testcase classname="test.usersignup.ForgotPassword" name="retrievePasswordWithInvalidData" time="2.527"/>
  <system-out/>
</testsuite> <!-- test.usersignup.ForgotPassword -->
