<?xml version="1.0" encoding="UTF-8"?>
<!-- Generated by org.testng.reporters.JUnitReportReporter -->
<testsuite hostname="ARPGL005794" failures="0" tests="3" name="test.adminfunctional.AdminLogin" time="0.000" errors="0" timestamp="2021-09-19T06:48:00 IST" skipped="3">
  <testcase classname="test.adminfunctional.AdminLogin" name="validLogin" time="0.000">
    <skipped/>
  </testcase> <!-- validLogin -->
  <system-out/>
  <testcase classname="test.adminfunctional.AdminLogin" name="adminLogout" time="0.000">
    <skipped/>
  </testcase> <!-- adminLogout -->
  <system-out/>
  <testcase classname="test.adminfunctional.AdminLogin" name="invalidLogin" time="0.000">
    <skipped/>
  </testcase> <!-- invalidLogin -->
  <system-out/>
</testsuite> <!-- test.adminfunctional.AdminLogin -->
