<?xml version="1.0" encoding="UTF-8"?>
<!-- Generated by org.testng.reporters.JUnitReportReporter -->
<testsuite hostname="ARPGL005794" failures="0" tests="1" name="test.ContactUsTest.ContactUsTest" time="16.625" errors="0" timestamp="2021-09-21T11:21:02 IST" skipped="0">
  <testcase classname="test.ContactUsTest.ContactUsTest" name="contactusTest" time="16.625"/>
  <system-out/>
</testsuite> <!-- test.ContactUsTest.ContactUsTest -->
