<?xml version="1.0" encoding="UTF-8"?>
<!-- Generated by org.testng.reporters.JUnitReportReporter -->
<testsuite hostname="ARPGL006256" failures="0" tests="2" name="test.usersignup.SignUp" time="0.000" errors="0" timestamp="2021-09-19T16:40:45 IST" skipped="2">
  <testcase classname="test.usersignup.SignUp" name="signupTestValid" time="0.000">
    <skipped/>
  </testcase> <!-- signupTestValid -->
  <system-out/>
  <testcase classname="test.usersignup.SignUp" name="signupTestInvalid" time="0.000">
    <skipped/>
  </testcase> <!-- signupTestInvalid -->
  <system-out/>
</testsuite> <!-- test.usersignup.SignUp -->
