<?xml version="1.0" encoding="UTF-8"?>
<!-- Generated by org.testng.reporters.JUnitReportReporter -->
<testsuite hostname="ARPGL006256" failures="0" tests="1" name="test.ContactUsTest.ContactUsTest" time="2.255" errors="0" timestamp="2021-09-20T14:33:25 IST" skipped="0">
  <testcase classname="test.ContactUsTest.ContactUsTest" name="contactusTest" time="2.255"/>
  <system-out/>
</testsuite> <!-- test.ContactUsTest.ContactUsTest -->
