<?xml version="1.0" encoding="UTF-8"?>
<!-- Generated by org.testng.reporters.JUnitReportReporter -->
<testsuite hostname="ARPGL006256" failures="0" tests="2" name="test.usersignup.ForgotPassword" time="3.760" errors="0" timestamp="2021-09-19T13:47:29 IST" skipped="0">
  <testcase classname="test.usersignup.ForgotPassword" name="changePasswordOne" time="1.305"/>
  <system-out/>
  <testcase classname="test.usersignup.ForgotPassword" name="changePasswordTwo" time="2.455"/>
  <system-out/>
</testsuite> <!-- test.usersignup.ForgotPassword -->
