<?xml version="1.0" encoding="UTF-8"?>
<!-- Generated by org.testng.reporters.JUnitReportReporter -->
<testsuite hostname="ARPGL006256" failures="0" tests="2" name="test.usersignup.ForgotPassword" time="6.830" errors="0" timestamp="2021-09-17T15:04:30 IST" skipped="0">
  <testcase classname="test.usersignup.ForgotPassword" name="changePasswordOne" time="5.701"/>
  <system-out/>
  <testcase classname="test.usersignup.ForgotPassword" name="changePasswordTwo" time="1.129"/>
  <system-out/>
</testsuite> <!-- test.usersignup.ForgotPassword -->
