<?xml version="1.0" encoding="UTF-8"?>
<!-- Generated by org.testng.reporters.JUnitReportReporter -->
<testsuite hostname="ARPGL003825" failures="0" tests="2" name="test.ContactUsui.ContactUsTestUi" time="0.839" errors="0" timestamp="2021-09-20T19:40:06 IST" skipped="0">
  <testcase classname="test.ContactUsui.ContactUsTestUi" name="contactUsTest" time="0.717"/>
  <system-out/>
  <testcase classname="test.ContactUsui.ContactUsTestUi" name="contactUsFeildCheck" time="0.122"/>
  <system-out/>
</testsuite> <!-- test.ContactUsui.ContactUsTestUi -->
