<?xml version="1.0" encoding="UTF-8"?>
<!-- Generated by org.testng.reporters.JUnitReportReporter -->
<testsuite hostname="ARPGL005794" failures="0" tests="3" name="test.adminfunctional.AdminLogin" time="2.178" errors="0" timestamp="2021-09-20T17:57:53 IST" skipped="0">
  <testcase classname="test.adminfunctional.AdminLogin" name="validLogin" time="1.622"/>
  <system-out/>
  <testcase classname="test.adminfunctional.AdminLogin" name="adminLogout" time="0.199"/>
  <system-out/>
  <testcase classname="test.adminfunctional.AdminLogin" name="invalidLogin" time="0.357"/>
  <system-out/>
</testsuite> <!-- test.adminfunctional.AdminLogin -->
