<?xml version="1.0" encoding="UTF-8"?>
<!-- Generated by org.testng.reporters.JUnitReportReporter -->
<testsuite hostname="ARPGL005794" failures="0" tests="2" name="test.userlogin.UserLogin" time="7.709" errors="0" timestamp="2021-09-20T17:57:53 IST" skipped="0">
  <testcase classname="test.userlogin.UserLogin" name="loginWithInValidDetailsTest" time="5.655"/>
  <system-out/>
  <testcase classname="test.userlogin.UserLogin" name="loginWithValidDetailsTest" time="2.054"/>
  <system-out/>
</testsuite> <!-- test.userlogin.UserLogin -->
