<?xml version="1.0" encoding="UTF-8"?>
<!-- Generated by org.testng.reporters.JUnitReportReporter -->
<testsuite hostname="ARPGL003825" failures="0" tests="2" name="test.homepageui.HomeColorChanger" time="0.756" errors="0" timestamp="2021-09-20T19:41:38 IST" skipped="0">
  <testcase classname="test.homepageui.HomeColorChanger" name="testHomePageColorChnager" time="0.660"/>
  <system-out/>
  <testcase classname="test.homepageui.HomeColorChanger" name="testColorsInChanger" time="0.096"/>
  <system-out/>
</testsuite> <!-- test.homepageui.HomeColorChanger -->
