<?xml version="1.0" encoding="UTF-8"?>
<!-- Generated by org.testng.reporters.JUnitReportReporter -->
<testsuite hostname="ARPGL006256" failures="0" tests="3" name="test.adminfunctional.AdminPassword" time="4.156" errors="0" timestamp="2021-09-19T13:48:11 IST" skipped="0">
  <testcase classname="test.adminfunctional.AdminPassword" name="changePasswordOne" time="2.585"/>
  <system-out/>
  <testcase classname="test.adminfunctional.AdminPassword" name="changePasswordTwo" time="0.742"/>
  <system-out/>
  <testcase classname="test.adminfunctional.AdminPassword" name="changePasswordThree" time="0.829"/>
  <system-out/>
</testsuite> <!-- test.adminfunctional.AdminPassword -->
