<?xml version="1.0" encoding="UTF-8"?>
<!-- Generated by org.testng.reporters.JUnitReportReporter -->
<testsuite hostname="ARPGL003825" failures="0" tests="2" name="test.userlogin.UserLogin" time="6.654" errors="0" timestamp="2021-09-19T21:04:29 IST" skipped="0">
  <testcase classname="test.userlogin.UserLogin" name="loginWithInValidDetailsTest" time="6.084"/>
  <system-out/>
  <testcase classname="test.userlogin.UserLogin" name="loginWithValidDetailsTest" time="0.570"/>
  <system-out/>
</testsuite> <!-- test.userlogin.UserLogin -->
