<?xml version="1.0" encoding="UTF-8"?>
<!-- Generated by org.testng.reporters.JUnitReportReporter -->
<testsuite hostname="ARPGL005794" failures="0" tests="3" name="test.usersignup.SignUp" time="4.531" errors="0" timestamp="2021-09-20T17:57:53 IST" skipped="0">
  <testcase classname="test.usersignup.SignUp" name="signupTestValid" time="1.055"/>
  <system-out/>
  <testcase classname="test.usersignup.SignUp" name="signupTestValid" time="1.419"/>
  <system-out/>
  <testcase classname="test.usersignup.SignUp" name="signupTestInvalid" time="2.057"/>
  <system-out/>
</testsuite> <!-- test.usersignup.SignUp -->
