<?xml version="1.0" encoding="UTF-8"?>
<!-- Generated by org.testng.reporters.JUnitReportReporter -->
<testsuite hostname="ARPGL003825" failures="0" tests="12" name="test.adminui.LoginAdmin" time="2.303" errors="0" timestamp="2021-09-19T17:25:27 IST" skipped="0">
  <testcase classname="test.adminui.LoginAdmin" name="testAdmin" time="1.079"/>
  <system-out/>
  <testcase classname="test.adminui.LoginAdmin" name="testAdminPanel" time="0.027"/>
  <system-out/>
  <testcase classname="test.adminui.LoginAdmin" name="adminDropdown" time="0.079"/>
  <system-out/>
  <testcase classname="test.adminui.LoginAdmin" name="adminDashboard" time="0.081"/>
  <system-out/>
  <testcase classname="test.adminui.LoginAdmin" name="updateContact" time="0.209"/>
  <system-out/>
  <testcase classname="test.adminui.LoginAdmin" name="adminManagePages" time="0.092"/>
  <system-out/>
  <testcase classname="test.adminui.LoginAdmin" name="adminManageSubscriber" time="0.126"/>
  <system-out/>
  <testcase classname="test.adminui.LoginAdmin" name="adminManageQuery" time="0.096"/>
  <system-out/>
  <testcase classname="test.adminui.LoginAdmin" name="adminRegUser" time="0.105"/>
  <system-out/>
  <testcase classname="test.adminui.LoginAdmin" name="adminManageBooking" time="0.109"/>
  <system-out/>
  <testcase classname="test.adminui.LoginAdmin" name="adminVehicle" time="0.090"/>
  <system-out/>
  <testcase classname="test.adminui.LoginAdmin" name="adminBrand" time="0.210"/>
  <system-out/>
</testsuite> <!-- test.adminui.LoginAdmin -->
