<?xml version="1.0" encoding="UTF-8"?>
<!-- Generated by org.testng.reporters.JUnitReportReporter -->
<testsuite hostname="ARPGL005794" failures="0" tests="1" name="test.carlistingTests.RequireFieldTest" time="24.808" errors="0" timestamp="2021-09-18T13:25:58 IST" skipped="0">
  <testcase classname="test.carlistingTests.RequireFieldTest" name="bookCarRequireFieldTest" time="24.808"/>
  <system-out/>
</testsuite> <!-- test.carlistingTests.RequireFieldTest -->
