<?xml version="1.0" encoding="UTF-8"?>
<!-- Generated by org.testng.reporters.JUnitReportReporter -->
<testsuite hostname="ARPGL006256" failures="0" tests="1" name="test.homepageTests.HomePageMyBooking" time="2.113" errors="0" timestamp="2021-09-20T14:38:18 IST" skipped="0">
  <testcase classname="test.homepageTests.HomePageMyBooking" name="homePageMyBookingTest" time="2.113"/>
  <system-out/>
</testsuite> <!-- test.homepageTests.HomePageMyBooking -->
