<?xml version="1.0" encoding="UTF-8"?>
<!-- Generated by org.testng.reporters.JUnitReportReporter -->
<testsuite hostname="ARPGL006256" failures="0" tests="2" name="test.usersignup.SignUp" time="3.559" errors="0" timestamp="2021-09-16T16:51:47 IST" skipped="0">
  <testcase classname="test.usersignup.SignUp" name="signupTestValid" time="1.132"/>
  <system-out/>
  <testcase classname="test.usersignup.SignUp" name="signupTestInvalid" time="2.427"/>
  <system-out/>
</testsuite> <!-- test.usersignup.SignUp -->
